#
# There is insufficient memory for the Java Runtime Environment to continue.
# Native memory allocation (malloc) failed to allocate 161184 bytes for Chunk::new
# Possible reasons:
#   The system is out of physical RAM or swap space
#   The process is running with CompressedOops enabled, and the Java Heap may be blocking the growth of the native heap
# Possible solutions:
#   Reduce memory load on the system
#   Increase physical memory or swap space
#   Check if swap backing store is full
#   Decrease Java heap size (-Xmx/-Xms)
#   Decrease number of Java threads
#   Decrease Java thread stack sizes (-Xss)
#   Set larger code cache with -XX:ReservedCodeCacheSize=
#   JVM is running with Unscaled Compressed Oops mode in which the Java heap is
#     placed in the first 4GB address space. The Java Heap base address is the
#     maximum limit for the native heap growth. Please use -XX:HeapBaseMinAddress
#     to set the Java Heap base and to place the Java Heap above 4GB virtual address.
# This output file may be truncated or incomplete.
#
#  Out of Memory Error (allocation.cpp:389), pid=10940, tid=0x00000000000003a4
#
# JRE version: Java(TM) SE Runtime Environment (8.0_202-b08) (build 1.8.0_202-b08)
# Java VM: Java HotSpot(TM) 64-Bit Server VM (25.202-b08 mixed mode windows-amd64 compressed oops)
# Failed to write core dump. Minidumps are not enabled by default on client versions of Windows
#

---------------  T H R E A D  ---------------

Current thread (0x00000000155f4800):  JavaThread "C2 CompilerThread1" daemon [_thread_in_native, id=932, stack(0x0000000016d00000,0x0000000016e00000)]

Stack: [0x0000000016d00000,0x0000000016e00000]
[error occurred during error reporting (printing stack bounds), id 0xc0000005]

Native frames: (J=compiled Java code, j=interpreted, Vv=VM code, C=native code)


Current CompileTask:
C2:  11303 1702       4       java.util.jar.JarFile::getEntry (22 bytes)


---------------  P R O C E S S  ---------------

Java Threads: ( => current thread )
  0x0000000017ab2800 JavaThread "background-preinit" [_thread_in_vm, id=13500, stack(0x0000000019b50000,0x0000000019c50000)]
  0x0000000016f8c000 JavaThread "surefire-forkedjvm-ping-30s" daemon [_thread_in_native, id=16884, stack(0x0000000017600000,0x0000000017700000)]
  0x0000000016f05800 JavaThread "surefire-forkedjvm-command-thread" daemon [_thread_in_native, id=14844, stack(0x0000000017500000,0x0000000017600000)]
  0x00000000155fd000 JavaThread "Service Thread" daemon [_thread_blocked, id=12580, stack(0x0000000017300000,0x0000000017400000)]
  0x0000000016e10800 JavaThread "C1 CompilerThread2" daemon [_thread_blocked, id=4992, stack(0x0000000017200000,0x0000000017300000)]
=>0x00000000155f4800 JavaThread "C2 CompilerThread1" daemon [_thread_in_native, id=932, stack(0x0000000016d00000,0x0000000016e00000)]
  0x000000001559e800 JavaThread "C2 CompilerThread0" daemon [_thread_in_native, id=1116, stack(0x0000000016c00000,0x0000000016d00000)]
  0x000000001559d800 JavaThread "Attach Listener" daemon [_thread_blocked, id=12452, stack(0x0000000016b00000,0x0000000016c00000)]
  0x000000001559c800 JavaThread "Signal Dispatcher" daemon [_thread_blocked, id=17064, stack(0x0000000016a00000,0x0000000016b00000)]
  0x0000000002fac000 JavaThread "Finalizer" daemon [_thread_blocked, id=15636, stack(0x00000000167f0000,0x00000000168f0000)]
  0x0000000002fa3800 JavaThread "Reference Handler" daemon [_thread_blocked, id=13280, stack(0x00000000166f0000,0x00000000167f0000)]
  0x0000000002eb1000 JavaThread "main" [_thread_in_vm, id=7344, stack(0x0000000002d90000,0x0000000002e90000)]

Other Threads:
  0x0000000015567000 VMThread [stack: 0x00000000165f0000,0x00000000166f0000] [id=2828]
  0x00000000155fd800 WatcherThread [stack: 0x0000000017400000,0x0000000017500000] [id=10456]

VM state:not at safepoint (normal execution)

VM Mutex/Monitor currently owned by a thread: None

heap address: 0x00000000c1e00000, size: 994 MB, Compressed Oops mode: 32-bit
Narrow klass base: 0x0000000000000000, Narrow klass shift: 3
Compressed class space size: 1073741824 Address: 0x0000000100000000

Heap:
 PSYoungGen      total 18944K, used 17664K [0x00000000eb500000, 0x00000000ed100000, 0x0000000100000000)
  eden space 16384K, 92% used [0x00000000eb500000,0x00000000ec3c5680,0x00000000ec500000)
  from space 2560K, 99% used [0x00000000ec500000,0x00000000ec77aa10,0x00000000ec780000)
  to   space 6144K, 0% used [0x00000000ecb00000,0x00000000ecb00000,0x00000000ed100000)
 ParOldGen       total 44032K, used 7627K [0x00000000c1e00000, 0x00000000c4900000, 0x00000000eb500000)
  object space 44032K, 17% used [0x00000000c1e00000,0x00000000c2572e08,0x00000000c4900000)
 Metaspace       used 18830K, capacity 20302K, committed 20480K, reserved 1067008K
  class space    used 2502K, capacity 2778K, committed 2816K, reserved 1048576K

Card table byte_map: [0x0000000012380000,0x0000000012580000] byte_map_base: 0x0000000011d71000

Marking Bits: (ParMarkBitMap*) 0x0000000065b25ce0
 Begin Bits: [0x0000000012ad0000, 0x0000000013a58000)
 End Bits:   [0x0000000013a58000, 0x00000000149e0000)

Polling page: 0x0000000002e90000

CodeCache: size=245760Kb used=5680Kb max_used=5680Kb free=240079Kb
 bounds [0x0000000002fc0000, 0x0000000003560000, 0x0000000011fc0000]
 total_blobs=2062 nmethods=1692 adapters=282
 compilation: enabled

Compilation events (10 events):
Event: 11.237 Thread 0x0000000016e10800 nmethod 1698 0x000000000354c610 code [0x000000000354c780, 0x000000000354c8e8]
Event: 11.237 Thread 0x0000000016e10800 1699       3       org.springframework.core.annotation.TypeMappedAnnotations::isMappingForType (41 bytes)
Event: 11.238 Thread 0x0000000016e10800 nmethod 1699 0x000000000354c990 code [0x000000000354cb20, 0x000000000354d108]
Event: 11.241 Thread 0x000000001559e800 nmethod 1695 0x000000000354e450 code [0x000000000354e5e0, 0x000000000354eb58]
Event: 11.253 Thread 0x0000000016e10800 1700       3       org.springframework.core.ResolvableType::getInterfaces (68 bytes)
Event: 11.254 Thread 0x0000000016e10800 nmethod 1700 0x000000000354ee90 code [0x000000000354f0a0, 0x000000000354fc18]
Event: 11.258 Thread 0x0000000016e10800 1701       1       ch.qos.logback.classic.selector.DefaultContextSelector::getDefaultLoggerContext (5 bytes)
Event: 11.258 Thread 0x0000000016e10800 nmethod 1701 0x000000000354e190 code [0x000000000354e2e0, 0x000000000354e3f0]
Event: 11.277 Thread 0x00000000155f4800 1702       4       java.util.jar.JarFile::getEntry (22 bytes)
Event: 11.277 Thread 0x000000001559e800 1703   !   4       java.util.zip.ZipFile::getEntry (101 bytes)

GC Heap History (10 events):
Event: 3.192 GC heap before
{Heap before GC invocations=1 (full 0):
 PSYoungGen      total 18944K, used 16384K [0x00000000eb500000, 0x00000000eca00000, 0x0000000100000000)
  eden space 16384K, 100% used [0x00000000eb500000,0x00000000ec500000,0x00000000ec500000)
  from space 2560K, 0% used [0x00000000ec780000,0x00000000ec780000,0x00000000eca00000)
  to   space 2560K, 0% used [0x00000000ec500000,0x00000000ec500000,0x00000000ec780000)
 ParOldGen       total 44032K, used 0K [0x00000000c1e00000, 0x00000000c4900000, 0x00000000eb500000)
  object space 44032K, 0% used [0x00000000c1e00000,0x00000000c1e00000,0x00000000c4900000)
 Metaspace       used 7326K, capacity 7580K, committed 7680K, reserved 1056768K
  class space    used 860K, capacity 950K, committed 1024K, reserved 1048576K
Event: 3.200 GC heap after
Heap after GC invocations=1 (full 0):
 PSYoungGen      total 18944K, used 2551K [0x00000000eb500000, 0x00000000eca00000, 0x0000000100000000)
  eden space 16384K, 0% used [0x00000000eb500000,0x00000000eb500000,0x00000000ec500000)
  from space 2560K, 99% used [0x00000000ec500000,0x00000000ec77df68,0x00000000ec780000)
  to   space 2560K, 0% used [0x00000000ec780000,0x00000000ec780000,0x00000000eca00000)
 ParOldGen       total 44032K, used 527K [0x00000000c1e00000, 0x00000000c4900000, 0x00000000eb500000)
  object space 44032K, 1% used [0x00000000c1e00000,0x00000000c1e83c40,0x00000000c4900000)
 Metaspace       used 7326K, capacity 7580K, committed 7680K, reserved 1056768K
  class space    used 860K, capacity 950K, committed 1024K, reserved 1048576K
}
Event: 5.107 GC heap before
{Heap before GC invocations=2 (full 0):
 PSYoungGen      total 18944K, used 18935K [0x00000000eb500000, 0x00000000eca00000, 0x0000000100000000)
  eden space 16384K, 100% used [0x00000000eb500000,0x00000000ec500000,0x00000000ec500000)
  from space 2560K, 99% used [0x00000000ec500000,0x00000000ec77df68,0x00000000ec780000)
  to   space 2560K, 0% used [0x00000000ec780000,0x00000000ec780000,0x00000000eca00000)
 ParOldGen       total 44032K, used 527K [0x00000000c1e00000, 0x00000000c4900000, 0x00000000eb500000)
  object space 44032K, 1% used [0x00000000c1e00000,0x00000000c1e83c40,0x00000000c4900000)
 Metaspace       used 9554K, capacity 10434K, committed 10752K, reserved 1058816K
  class space    used 1219K, capacity 1419K, committed 1536K, reserved 1048576K
Event: 5.132 GC heap after
Heap after GC invocations=2 (full 0):
 PSYoungGen      total 18944K, used 2534K [0x00000000eb500000, 0x00000000eca00000, 0x0000000100000000)
  eden space 16384K, 0% used [0x00000000eb500000,0x00000000eb500000,0x00000000ec500000)
  from space 2560K, 98% used [0x00000000ec780000,0x00000000ec9f9878,0x00000000eca00000)
  to   space 2560K, 0% used [0x00000000ec500000,0x00000000ec500000,0x00000000ec780000)
 ParOldGen       total 44032K, used 1251K [0x00000000c1e00000, 0x00000000c4900000, 0x00000000eb500000)
  object space 44032K, 2% used [0x00000000c1e00000,0x00000000c1f38f10,0x00000000c4900000)
 Metaspace       used 9554K, capacity 10434K, committed 10752K, reserved 1058816K
  class space    used 1219K, capacity 1419K, committed 1536K, reserved 1048576K
}
Event: 6.115 GC heap before
{Heap before GC invocations=3 (full 0):
 PSYoungGen      total 18944K, used 18918K [0x00000000eb500000, 0x00000000eca00000, 0x0000000100000000)
  eden space 16384K, 100% used [0x00000000eb500000,0x00000000ec500000,0x00000000ec500000)
  from space 2560K, 98% used [0x00000000ec780000,0x00000000ec9f9878,0x00000000eca00000)
  to   space 2560K, 0% used [0x00000000ec500000,0x00000000ec500000,0x00000000ec780000)
 ParOldGen       total 44032K, used 1251K [0x00000000c1e00000, 0x00000000c4900000, 0x00000000eb500000)
  object space 44032K, 2% used [0x00000000c1e00000,0x00000000c1f38f10,0x00000000c4900000)
 Metaspace       used 11818K, capacity 12796K, committed 13056K, reserved 1060864K
  class space    used 1496K, capacity 1726K, committed 1792K, reserved 1048576K
Event: 6.125 GC heap after
Heap after GC invocations=3 (full 0):
 PSYoungGen      total 18944K, used 2530K [0x00000000eb500000, 0x00000000eca00000, 0x0000000100000000)
  eden space 16384K, 0% used [0x00000000eb500000,0x00000000eb500000,0x00000000ec500000)
  from space 2560K, 98% used [0x00000000ec500000,0x00000000ec778a60,0x00000000ec780000)
  to   space 2560K, 0% used [0x00000000ec780000,0x00000000ec780000,0x00000000eca00000)
 ParOldGen       total 44032K, used 3040K [0x00000000c1e00000, 0x00000000c4900000, 0x00000000eb500000)
  object space 44032K, 6% used [0x00000000c1e00000,0x00000000c20f80b0,0x00000000c4900000)
 Metaspace       used 11818K, capacity 12796K, committed 13056K, reserved 1060864K
  class space    used 1496K, capacity 1726K, committed 1792K, reserved 1048576K
}
Event: 8.595 GC heap before
{Heap before GC invocations=4 (full 0):
 PSYoungGen      total 18944K, used 18914K [0x00000000eb500000, 0x00000000eca00000, 0x0000000100000000)
  eden space 16384K, 100% used [0x00000000eb500000,0x00000000ec500000,0x00000000ec500000)
  from space 2560K, 98% used [0x00000000ec500000,0x00000000ec778a60,0x00000000ec780000)
  to   space 2560K, 0% used [0x00000000ec780000,0x00000000ec780000,0x00000000eca00000)
 ParOldGen       total 44032K, used 3040K [0x00000000c1e00000, 0x00000000c4900000, 0x00000000eb500000)
  object space 44032K, 6% used [0x00000000c1e00000,0x00000000c20f80b0,0x00000000c4900000)
 Metaspace       used 14525K, capacity 15558K, committed 15744K, reserved 1062912K
  class space    used 1840K, capacity 2055K, committed 2176K, reserved 1048576K
Event: 8.603 GC heap after
Heap after GC invocations=4 (full 0):
 PSYoungGen      total 18944K, used 2536K [0x00000000eb500000, 0x00000000eca00000, 0x0000000100000000)
  eden space 16384K, 0% used [0x00000000eb500000,0x00000000eb500000,0x00000000ec500000)
  from space 2560K, 99% used [0x00000000ec780000,0x00000000ec9fa138,0x00000000eca00000)
  to   space 2560K, 0% used [0x00000000ec500000,0x00000000ec500000,0x00000000ec780000)
 ParOldGen       total 44032K, used 5200K [0x00000000c1e00000, 0x00000000c4900000, 0x00000000eb500000)
  object space 44032K, 11% used [0x00000000c1e00000,0x00000000c2314068,0x00000000c4900000)
 Metaspace       used 14525K, capacity 15558K, committed 15744K, reserved 1062912K
  class space    used 1840K, capacity 2055K, committed 2176K, reserved 1048576K
}
Event: 10.310 GC heap before
{Heap before GC invocations=5 (full 0):
 PSYoungGen      total 18944K, used 18920K [0x00000000eb500000, 0x00000000eca00000, 0x0000000100000000)
  eden space 16384K, 100% used [0x00000000eb500000,0x00000000ec500000,0x00000000ec500000)
  from space 2560K, 99% used [0x00000000ec780000,0x00000000ec9fa138,0x00000000eca00000)
  to   space 2560K, 0% used [0x00000000ec500000,0x00000000ec500000,0x00000000ec780000)
 ParOldGen       total 44032K, used 5200K [0x00000000c1e00000, 0x00000000c4900000, 0x00000000eb500000)
  object space 44032K, 11% used [0x00000000c1e00000,0x00000000c2314068,0x00000000c4900000)
 Metaspace       used 16641K, capacity 18034K, committed 18176K, reserved 1064960K
  class space    used 2192K, capacity 2483K, committed 2560K, reserved 1048576K
Event: 10.334 GC heap after
Heap after GC invocations=5 (full 0):
 PSYoungGen      total 18944K, used 2538K [0x00000000eb500000, 0x00000000ed100000, 0x0000000100000000)
  eden space 16384K, 0% used [0x00000000eb500000,0x00000000eb500000,0x00000000ec500000)
  from space 2560K, 99% used [0x00000000ec500000,0x00000000ec77aa10,0x00000000ec780000)
  to   space 6144K, 0% used [0x00000000ecb00000,0x00000000ecb00000,0x00000000ed100000)
 ParOldGen       total 44032K, used 7627K [0x00000000c1e00000, 0x00000000c4900000, 0x00000000eb500000)
  object space 44032K, 17% used [0x00000000c1e00000,0x00000000c2572e08,0x00000000c4900000)
 Metaspace       used 16641K, capacity 18034K, committed 18176K, reserved 1064960K
  class space    used 2192K, capacity 2483K, committed 2560K, reserved 1048576K
}

Deoptimization events (10 events):
Event: 5.635 Thread 0x0000000002eb1000 Uncommon trap: reason=unstable_if action=reinterpret pc=0x000000000337b36c method=java.util.Properties$LineReader.readLine()I @ 457
Event: 6.107 Thread 0x0000000002eb1000 Uncommon trap: reason=unstable_if action=reinterpret pc=0x00000000032fa094 method=java.io.WinNTFileSystem.normalize(Ljava/lang/String;)Ljava/lang/String; @ 128
Event: 6.601 Thread 0x0000000002eb1000 Uncommon trap: reason=unstable_if action=reinterpret pc=0x00000000033aa328 method=java.util.Properties$LineReader.readLine()I @ 105
Event: 7.053 Thread 0x0000000002eb1000 Uncommon trap: reason=range_check action=make_not_entrant pc=0x0000000003276ce0 method=sun.reflect.generics.parser.SignatureParser.current()C @ 34
Event: 9.181 Thread 0x0000000002eb1000 Uncommon trap: reason=predicate action=maybe_recompile pc=0x00000000033f6f28 method=java.lang.String.regionMatches(ZILjava/lang/String;II)Z @ 63
Event: 9.315 Thread 0x0000000002eb1000 Uncommon trap: reason=unstable_if action=reinterpret pc=0x00000000033ae210 method=java.util.HashMap.putVal(ILjava/lang/Object;Ljava/lang/Object;ZZ)Ljava/lang/Object; @ 236
Event: 9.323 Thread 0x0000000002eb1000 Uncommon trap: reason=unstable_if action=reinterpret pc=0x000000000342a550 method=java.util.concurrent.ConcurrentHashMap.putVal(Ljava/lang/Object;Ljava/lang/Object;Z)Ljava/lang/Object; @ 181
Event: 10.402 Thread 0x0000000002eb1000 Uncommon trap: reason=unstable_if action=reinterpret pc=0x0000000003434694 method=java.net.URL.<init>(Ljava/net/URL;Ljava/lang/String;Ljava/net/URLStreamHandler;)V @ 347
Event: 10.743 Thread 0x0000000002eb1000 Uncommon trap: reason=unstable_if action=reinterpret pc=0x000000000326fcf4 method=java.util.HashMap.hash(Ljava/lang/Object;)I @ 1
Event: 11.196 Thread 0x0000000017ab2800 Uncommon trap: reason=unstable_if action=reinterpret pc=0x00000000031fcb84 method=sun.misc.MetaIndex.mayContain(Ljava/lang/String;)Z @ 38

Classes redefined (0 events):
No events

Internal exceptions (10 events):
Event: 8.683 Thread 0x0000000002eb1000 Exception <a 'java/lang/NoSuchMethodError': java.lang.Object.lambda$static$0(Lorg/springframework/boot/WebApplicationType;)Lorg/springframework/context/ConfigurableApplicationContext;> (0x00000000eb608818) thrown at [C:\re\workspace\8-2-build-windows-amd6
Event: 9.201 Thread 0x0000000002eb1000 Exception <a 'java/io/FileNotFoundException'> (0x00000000eb86eca8) thrown at [C:\re\workspace\8-2-build-windows-amd64-cygwin\jdk8u202\12323\hotspot\src\share\vm\prims\jni.cpp, line 710]
Event: 9.276 Thread 0x0000000002eb1000 Exception <a 'java/lang/NoSuchMethodError': java.lang.Object.lambda$fromSpringFactories$0(Ljava/lang/ClassLoader;)Ljava/util/List;> (0x00000000eb977270) thrown at [C:\re\workspace\8-2-build-windows-amd64-cygwin\jdk8u202\12323\hotspot\src\share\vm\interpre
Event: 9.344 Thread 0x0000000002eb1000 Exception <a 'java/lang/IncompatibleClassChangeError': Found class java.lang.Object, but interface was expected> (0x00000000ebae3f10) thrown at [C:\re\workspace\8-2-build-windows-amd64-cygwin\jdk8u202\12323\hotspot\src\share\vm\interpreter\linkResolver.cp
Event: 9.398 Thread 0x0000000002eb1000 Exception <a 'java/lang/NoSuchMethodError': java.lang.Object.lambda$or$2(Ljava/util/function/BiPredicate;Ljava/lang/Object;Ljava/lang/Object;)Z> (0x00000000ebbdd728) thrown at [C:\re\workspace\8-2-build-windows-amd64-cygwin\jdk8u202\12323\hotspot\src\shar
Event: 9.402 Thread 0x0000000002eb1000 Exception <a 'java/lang/NoSuchMethodError': java.lang.Object.lambda$chars$0()Ljava/util/Spliterator$OfInt;> (0x00000000ebbec9c8) thrown at [C:\re\workspace\8-2-build-windows-amd64-cygwin\jdk8u202\12323\hotspot\src\share\vm\interpreter\linkResolver.cpp, li
Event: 9.529 Thread 0x0000000002eb1000 Exception <a 'java/lang/NoSuchMethodError': java.lang.Object.lambda$from$1(Ljava/util/function/Supplier;Lorg/springframework/boot/BootstrapContext;)Ljava/lang/Object;> (0x00000000ebea1e50) thrown at [C:\re\workspace\8-2-build-windows-amd64-cygwin\jdk8u202
Event: 10.742 Thread 0x0000000002eb1000 Implicit null exception at 0x000000000326fb15 to 0x000000000326fce5
Event: 11.168 Thread 0x0000000002eb1000 Exception <a 'java/lang/NoSuchMethodError': java.lang.Object.lambda$getAnnotationTypes$0(Lorg/springframework/core/annotation/MergedAnnotation;)Ljava/lang/String;> (0x00000000ec2064f8) thrown at [C:\re\workspace\8-2-build-windows-amd64-cygwin\jdk8u202\123
Event: 11.187 Thread 0x0000000002eb1000 Exception <a 'java/lang/NoSuchMethodError': java.lang.Object.lambda$getMetaAnnotationTypes$1(Lorg/springframework/core/annotation/MergedAnnotation;)Ljava/lang/String;> (0x00000000ec273ac8) thrown at [C:\re\workspace\8-2-build-windows-amd64-cygwin\jdk8u202

Events (10 events):
Event: 11.265 loading class org/springframework/beans/factory/BeanFactoryUtils
Event: 11.265 loading class org/springframework/beans/factory/BeanFactoryUtils done
Event: 11.271 loading class org/springframework/web/context/support/WebApplicationContextUtils
Event: 11.271 loading class org/springframework/web/context/support/WebApplicationContextUtils done
Event: 11.275 loading class org/springframework/web/context/support/ServletContextPropertySource
Event: 11.275 loading class org/springframework/web/context/support/ServletContextPropertySource done
Event: 11.275 loading class com/fasterxml/classmate/util/ClassStack
Event: 11.275 loading class com/fasterxml/classmate/util/ClassStack done
Event: 11.276 loading class com/fasterxml/classmate/util/ResolvedTypeKey
Event: 11.276 loading class com/fasterxml/classmate/util/ResolvedTypeKey done


Dynamic libraries:
0x00007ff6ac920000 - 0x00007ff6ac957000 	C:\Program Files\Java\jdk1.8.0_202\jre\bin\java.exe
0x00007ffe4fe90000 - 0x00007ffe50085000 	C:\Windows\SYSTEM32\ntdll.dll
0x00007ffe4e340000 - 0x00007ffe4e3fe000 	C:\Windows\System32\KERNEL32.DLL
0x00007ffe4d910000 - 0x00007ffe4dbd8000 	C:\Windows\System32\KERNELBASE.dll
0x00007ffe4add0000 - 0x00007ffe4ae60000 	C:\Windows\SYSTEM32\apphelp.dll
0x00007ffe4e5b0000 - 0x00007ffe4e65c000 	C:\Windows\System32\ADVAPI32.dll
0x00007ffe4e2a0000 - 0x00007ffe4e33e000 	C:\Windows\System32\msvcrt.dll
0x00007ffe4df30000 - 0x00007ffe4dfcb000 	C:\Windows\System32\sechost.dll
0x00007ffe4faf0000 - 0x00007ffe4fc1a000 	C:\Windows\System32\RPCRT4.dll
0x00007ffe4dfd0000 - 0x00007ffe4e171000 	C:\Windows\System32\USER32.dll
0x00007ffe4d880000 - 0x00007ffe4d8a2000 	C:\Windows\System32\win32u.dll
0x00007ffe4e4b0000 - 0x00007ffe4e4db000 	C:\Windows\System32\GDI32.dll
0x00007ffe4dd40000 - 0x00007ffe4de4d000 	C:\Windows\System32\gdi32full.dll
0x00007ffe4d7e0000 - 0x00007ffe4d87d000 	C:\Windows\System32\msvcp_win.dll
0x00007ffe4d5a0000 - 0x00007ffe4d6a0000 	C:\Windows\System32\ucrtbase.dll
0x00007ffe3bfe0000 - 0x00007ffe3c27a000 	C:\Windows\WinSxS\amd64_microsoft.windows.common-controls_6595b64144ccf1df_6.0.19041.1110_none_60b5254171f9507e\COMCTL32.dll
0x00007ffe4edd0000 - 0x00007ffe4ee00000 	C:\Windows\System32\IMM32.DLL
0x0000000065bb0000 - 0x0000000065c82000 	C:\Program Files\Java\jdk1.8.0_202\jre\bin\msvcr100.dll
0x0000000065300000 - 0x0000000065ba5000 	C:\Program Files\Java\jdk1.8.0_202\jre\bin\server\jvm.dll
0x00007ffe4edb0000 - 0x00007ffe4edb8000 	C:\Windows\System32\PSAPI.DLL
0x00007ffe49010000 - 0x00007ffe49019000 	C:\Windows\SYSTEM32\WSOCK32.dll
0x00007ffe3f360000 - 0x00007ffe3f36a000 	C:\Windows\SYSTEM32\VERSION.dll
0x00007ffe36740000 - 0x00007ffe36767000 	C:\Windows\SYSTEM32\WINMM.dll
0x00007ffe4e770000 - 0x00007ffe4e7db000 	C:\Windows\System32\ws2_32.DLL
0x00007ffe3bcb0000 - 0x00007ffe3bcbf000 	C:\Program Files\Java\jdk1.8.0_202\jre\bin\verify.dll
0x00007ffe37d80000 - 0x00007ffe37da9000 	C:\Program Files\Java\jdk1.8.0_202\jre\bin\java.dll
0x00007ffe3a560000 - 0x00007ffe3a576000 	C:\Program Files\Java\jdk1.8.0_202\jre\bin\zip.dll
0x00007ffe4f310000 - 0x00007ffe4fa54000 	C:\Windows\System32\SHELL32.dll
0x00007ffe4b690000 - 0x00007ffe4be24000 	C:\Windows\SYSTEM32\windows.storage.dll
0x00007ffe4ea50000 - 0x00007ffe4eda5000 	C:\Windows\System32\combase.dll
0x00007ffe4cf80000 - 0x00007ffe4cfae000 	C:\Windows\SYSTEM32\Wldp.dll
0x00007ffe4e660000 - 0x00007ffe4e70d000 	C:\Windows\System32\SHCORE.dll
0x00007ffe4e710000 - 0x00007ffe4e765000 	C:\Windows\System32\shlwapi.dll
0x00007ffe4d4e0000 - 0x00007ffe4d4ff000 	C:\Windows\SYSTEM32\profapi.dll
0x00007ffe38cf0000 - 0x00007ffe38cfd000 	C:\Program Files\Java\jdk1.8.0_202\jre\bin\management.dll
0x00007ffe394b0000 - 0x00007ffe394ca000 	C:\Program Files\Java\jdk1.8.0_202\jre\bin\net.dll
0x00007ffe40a70000 - 0x00007ffe40c5b000 	C:\Windows\SYSTEM32\urlmon.dll
0x00007ffe40a40000 - 0x00007ffe40a68000 	C:\Windows\SYSTEM32\srvcli.dll
0x00007ffe40ea0000 - 0x00007ffe41150000 	C:\Windows\SYSTEM32\iertutil.dll
0x00007ffe4ca80000 - 0x00007ffe4ca8c000 	C:\Windows\SYSTEM32\netutils.dll
0x00007ffe4cc80000 - 0x00007ffe4ccea000 	C:\Windows\system32\mswsock.dll
0x00007ffe3a630000 - 0x00007ffe3a642000 	C:\Program Files\Java\jdk1.8.0_202\jre\bin\nio.dll
0x00007ffe3b690000 - 0x00007ffe3b6a7000 	C:\Windows\system32\napinsp.dll
0x00007ffe3a780000 - 0x00007ffe3a79b000 	C:\Windows\system32\pnrpnsp.dll
0x00007ffe39680000 - 0x00007ffe39695000 	C:\Windows\system32\wshbth.dll
0x00007ffe48fc0000 - 0x00007ffe48fdd000 	C:\Windows\system32\NLAapi.dll
0x00007ffe4c970000 - 0x00007ffe4c9ab000 	C:\Windows\SYSTEM32\IPHLPAPI.DLL
0x00007ffe4c9b0000 - 0x00007ffe4ca7b000 	C:\Windows\SYSTEM32\DNSAPI.dll
0x00007ffe4ee00000 - 0x00007ffe4ee08000 	C:\Windows\System32\NSI.dll
0x00007ffe26670000 - 0x00007ffe26682000 	C:\Windows\System32\winrnr.dll
0x00007ffe424d0000 - 0x00007ffe424da000 	C:\Windows\System32\rasadhlp.dll
0x00007ffe40840000 - 0x00007ffe408bf000 	C:\Windows\System32\fwpuclnt.dll
0x00007ffe4dea0000 - 0x00007ffe4dec7000 	C:\Windows\System32\bcrypt.dll

VM Arguments:
java_command: C:\Users\khiem\AppData\Local\Temp\surefire4691341239269185251\surefirebooter5747512098174914349.jar C:\Users\khiem\AppData\Local\Temp\surefire4691341239269185251 2021-12-28T02-33-19_929-jvmRun1 surefire2149162316372653878tmp surefire_0612741714319403193tmp
java_class_path (initial): C:\Users\khiem\AppData\Local\Temp\surefire4691341239269185251\surefirebooter5747512098174914349.jar
Launcher Type: SUN_STANDARD

Environment Variables:
PATH=C:\Windows\system32;C:\Windows;C:\Windows\System32\Wbem;C:\Windows\System32\WindowsPowerShell\v1.0\;C:\Windows\System32\OpenSSH\;C:\Program Files (x86)\NetSarang\Xshell 7\;C:\Program Files (x86)\NetSarang\Xftp 7\;D:\www\php;C:\ProgramData\ComposerSetup\bin;C:\Program Files\nodejs\;C:\Program Files\Git\cmd;C:\Users\khiem\AppData\Local\Microsoft\WindowsApps;C:\Users\khiem\AppData\Roaming\Composer\vendor\bin;C:\Users\khiem\AppData\Roaming\npm
USERNAME=khiem
OS=Windows_NT
PROCESSOR_IDENTIFIER=Intel64 Family 6 Model 58 Stepping 9, GenuineIntel



---------------  S Y S T E M  ---------------

OS: Windows 10.0 , 64 bit Build 19041 (10.0.19041.1348)

CPU:total 4 (initial active 4) (2 cores per cpu, 2 threads per core) family 6 model 58 stepping 9, cmov, cx8, fxsr, mmx, sse, sse2, sse3, ssse3, sse4.1, sse4.2, popcnt, avx, aes, clmul, erms, ht, tsc, tscinvbit, tscinv

Memory: 4k page, physical 4070680k(204828k free), swap 13523100k(4388k free)

vm_info: Java HotSpot(TM) 64-Bit Server VM (25.202-b08) for windows-amd64 JRE (1.8.0_202-b08), built on Dec 15 2018 19:54:30 by "java_re" with MS VC++ 10.0 (VS2010)

time: Tue Dec 28 02:33:41 2021
timezone: SE Asia Standard Time
elapsed time: 11 seconds (0d 0h 0m 11s)

